============================= test session starts =============================
platform win32 -- Python 3.12.5, pytest-9.0.1, pluggy-1.5.0 -- C:\Python312\python.exe
cachedir: .pytest_cache
hypothesis profile 'default'
benchmark: 4.0.0 (defaults: timer=time.perf_counter disable_gc=False min_rounds=5 min_time=0.000005 max_time=1.0 calibration_precision=10 warmup=False warmup_iterations=100000)
metadata: {'Python': '3.12.5', 'Platform': 'Windows-10-10.0.19045-SP0', 'Packages': {'pytest': '9.0.1', 'pluggy': '1.5.0'}, 'Plugins': {'anyio': '4.11.0', 'Faker': '18.13.0', 'hypothesis': '6.138.2', 'langsmith': '0.4.21', 'asyncio': '1.3.0', 'bandit': '0.6.1', 'benchmark': '4.0.0', 'cov': '4.1.0', 'env': '1.1.5', 'flask': '1.3.0', 'json-report': '1.5.0', 'metadata': '3.1.1', 'mock': '3.14.0', 'randomly': '3.16.0', 'timeout': '2.3.1', 'xdist': '3.6.1'}, 'JAVA_HOME': 'C:\\Program Files\\AdoptOpenJDK\\jre-8.0.265.01-hotspot\\'}
Using --randomly-seed=1634775444
rootdir: C:\Users\17175\Desktop\connascence\tests
configfile: pytest.ini
plugins: anyio-4.11.0, Faker-18.13.0, hypothesis-6.138.2, langsmith-0.4.21, asyncio-1.3.0, bandit-0.6.1, benchmark-4.0.0, cov-4.1.0, env-1.1.5, flask-1.3.0, json-report-1.5.0, metadata-3.1.1, mock-3.14.0, randomly-3.16.0, timeout-2.3.1, xdist-3.6.1
asyncio: mode=Mode.STRICT, debug=False, asyncio_default_fixture_loop_scope=None, asyncio_default_test_loop_scope=function
collecting ... collected 957 items / 4 skipped

tests\integration\test_autofix_engine_integration.py::TestAutofixEngineIntegration::test_sequential_thinking_coordination PASSED [  0%]
tests\integration\test_autofix_engine_integration.py::TestAutofixEngineIntegration::test_autofix_error_handling PASSED [  0%]
tests\integration\test_autofix_engine_integration.py::TestAutofixEngineIntegration::test_safety_validation_integration PASSED [  0%]
tests\integration\test_autofix_engine_integration.py::TestAutofixEngineIntegration::test_fix_application_simulation PASSED [  0%]
tests\integration\test_autofix_engine_integration.py::TestAutofixEngineIntegration::test_type_hint_fix_generation PASSED [  0%]
tests\integration\test_autofix_engine_integration.py::TestAutofixEngineIntegration::test_god_class_fix_generation PASSED [  0%]
tests\integration\test_autofix_engine_integration.py::TestAutofixEngineIntegration::test_magic_literal_fix_generation PASSED [  0%]
tests\integration\test_autofix_engine_integration.py::TestAutofixEngineIntegration::test_parameter_bomb_fix_generation PASSED [  0%]
tests\integration\test_autofix_engine_integration.py::TestAutofixEngineIntegration::test_autofix_effectiveness_calculation FAILED [  0%]
tests\integration\test_autofix_engine_integration.py::TestAutofixEngineIntegration::test_batch_fix_generation PASSED [  1%]
tests\integration\test_autofix_engine_integration.py::TestAutofixWorkflowIntegration::test_mcp_to_autofix_integration PASSED [  1%]
tests\integration\test_autofix_engine_integration.py::TestAutofixWorkflowIntegration::test_cli_to_autofix_workflow PASSED [  1%]
tests\test_system_validation.py::TestSystemValidation::test_error_resilience FAILED [  1%]
tests\test_system_validation.py::TestSystemValidation::test_configuration_flexibility PASSED [  1%]
tests\test_system_validation.py::TestSystemValidation::test_performance_with_large_codebase PASSED [  1%]
tests\test_system_validation.py::TestSystemValidation::test_cross_language_compatibility PASSED [  1%]
tests\test_system_validation.py::TestSystemValidation::test_concurrent_analysis_safety PASSED [  1%]
tests\test_system_validation.py::TestSystemValidation::test_complete_analysis_pipeline FAILED [  1%]
tests\test_system_validation.py::TestSystemValidation::test_memory_usage_stability FAILED [  1%]
tests\test_system_validation.py::TestSystemReporting::test_violation_aggregation FAILED [  2%]
tests\test_system_validation.py::TestSystemReporting::test_severity_prioritization PASSED [  2%]
tests\unit\test_metrics_collector.py::TestCountViolationsBySeverity::test_count_by_severity PASSED [  2%]
tests\unit\test_metrics_collector.py::TestCountViolationsBySeverity::test_count_missing_severity PASSED [  2%]
tests\unit\test_metrics_collector.py::TestCountViolationsBySeverity::test_count_empty_list PASSED [  2%]
tests\unit\test_metrics_collector.py::TestDynamicWeights::test_dynamic_weights_low_duplication_score PASSED [  2%]
tests\unit\test_metrics_collector.py::TestDynamicWeights::test_dynamic_weights_low_nasa_score PASSED [  2%]
tests\unit\test_metrics_collector.py::TestDynamicWeights::test_dynamic_weights_normal_scores PASSED [  2%]
tests\unit\test_metrics_collector.py::TestDynamicWeights::test_dynamic_weights_all_problems PASSED [  2%]
tests\unit\test_metrics_collector.py::TestDynamicWeights::test_dynamic_weights_high_connascence PASSED [  3%]
tests\unit\test_metrics_collector.py::TestIntegration::test_full_workflow FAILED [  3%]
tests\unit\test_metrics_collector.py::TestIntegration::test_continuous_monitoring_scenario PASSED [  3%]
tests\unit\test_metrics_collector.py::TestDuplicationScore::test_duplication_score_size_multiplier_capped PASSED [  3%]
tests\unit\test_metrics_collector.py::TestDuplicationScore::test_duplication_score_cannot_go_negative PASSED [  3%]
tests\unit\test_metrics_collector.py::TestDuplicationScore::test_duplication_score_single_cluster PASSED [  3%]
tests\unit\test_metrics_collector.py::TestDuplicationScore::test_duplication_score_multiple_clusters PASSED [  3%]
tests\unit\test_metrics_collector.py::TestDuplicationScore::test_duplication_score_no_clusters PASSED [  3%]
tests\unit\test_metrics_collector.py::TestMetricsSummary::test_metrics_summary_with_baseline PASSED [  3%]
tests\unit\test_metrics_collector.py::TestMetricsSummary::test_metrics_summary_no_data PASSED [  3%]
tests\unit\test_metrics_collector.py::TestMetricsSummary::test_metrics_summary_with_data PASSED [  4%]
tests\unit\test_metrics_collector.py::TestMetricsCollectorInit::test_custom_initialization PASSED [  4%]
tests\unit\test_metrics_collector.py::TestMetricsCollectorInit::test_none_config_uses_default PASSED [  4%]
tests\unit\test_metrics_collector.py::TestMetricsCollectorInit::test_default_initialization PASSED [  4%]
tests\unit\test_metrics_collector.py::TestMetricsCollectorInit::test_quality_weights_default PASSED [  4%]
tests\unit\test_metrics_collector.py::TestQualityScoreCalculation::test_quality_score_mixed PASSED [  4%]
tests\unit\test_metrics_collector.py::TestQualityScoreCalculation::test_quality_score_missing_fields_uses_defaults PASSED [  4%]
tests\unit\test_metrics_collector.py::TestQualityScoreCalculation::test_quality_score_poor PASSED [  4%]
tests\unit\test_metrics_collector.py::TestQualityScoreCalculation::test_quality_score_none_assertion PASSED [  4%]
tests\unit\test_metrics_collector.py::TestQualityScoreCalculation::test_quality_score_perfect PASSED [  5%]
tests\unit\test_metrics_collector.py::TestNASAComplianceScore::test_nasa_score_multiple_violations PASSED [  5%]
tests\unit\test_metrics_collector.py::TestNASAComplianceScore::test_nasa_score_single_violation PASSED [  5%]
tests\unit\test_metrics_collector.py::TestNASAComplianceScore::test_nasa_score_cannot_go_negative PASSED [  5%]
tests\unit\test_metrics_collector.py::TestNASAComplianceScore::test_nasa_score_no_violations PASSED [  5%]
tests\unit\test_metrics_collector.py::TestNASAComplianceScore::test_nasa_score_missing_context PASSED [  5%]
tests\unit\test_metrics_collector.py::TestBaselineComparison::test_baseline_status_thresholds[0.01-stable] PASSED [  5%]
tests\unit\test_metrics_collector.py::TestBaselineComparison::test_baseline_status_thresholds[0.15-significantly_improved] PASSED [  5%]
tests\unit\test_metrics_collector.py::TestBaselineComparison::test_baseline_status_thresholds[-0.15-significantly_degraded] PASSED [  5%]
tests\unit\test_metrics_collector.py::TestBaselineComparison::test_set_baseline PASSED [  5%]
tests\unit\test_metrics_collector.py::TestBaselineComparison::test_baseline_status_thresholds[-0.05-degraded] PASSED [  6%]
tests\unit\test_metrics_collector.py::TestBaselineComparison::test_baseline_status_thresholds[0.05-improved] PASSED [  6%]
tests\unit\test_metrics_collector.py::TestBaselineComparison::test_baseline_status_thresholds[-0.01-stable] PASSED [  6%]
tests\unit\test_metrics_collector.py::TestBaselineComparison::test_get_baseline_comparison_degraded PASSED [  6%]
tests\unit\test_metrics_collector.py::TestBaselineComparison::test_get_baseline_comparison_no_history PASSED [  6%]
tests\unit\test_metrics_collector.py::TestBaselineComparison::test_get_baseline_comparison_no_baseline PASSED [  6%]
tests\unit\test_metrics_collector.py::TestBaselineComparison::test_get_baseline_comparison_improved PASSED [  6%]
tests\unit\test_metrics_collector.py::TestSeverityNormalization::test_normalize_severity[error-high] PASSED [  6%]
tests\unit\test_metrics_collector.py::TestSeverityNormalization::test_normalize_severity[INFO-info] PASSED [  6%]
tests\unit\test_metrics_collector.py::TestSeverityNormalization::test_normalize_severity[info-info] PASSED [  7%]
tests\unit\test_metrics_collector.py::TestSeverityNormalization::test_normalize_severity[Critical-critical] PASSED [  7%]
tests\unit\test_metrics_collector.py::TestSeverityNormalization::test_normalize_severity[-medium] PASSED [  7%]
tests\unit\test_metrics_collector.py::TestSeverityNormalization::test_normalize_severity[HIGH-high] PASSED [  7%]
tests\unit\test_metrics_collector.py::TestSeverityNormalization::test_normalize_severity[high-high] PASSED [  7%]
tests\unit\test_metrics_collector.py::TestSeverityNormalization::test_normalize_severity[notice-low] PASSED [  7%]
tests\unit\test_metrics_collector.py::TestSeverityNormalization::test_normalize_severity[low-low] PASSED [  7%]
tests\unit\test_metrics_collector.py::TestSeverityNormalization::test_normalize_severity[invalid-medium] PASSED [  7%]
tests\unit\test_metrics_collector.py::TestSeverityNormalization::test_normalize_severity[WARNING-medium] PASSED [  7%]
tests\unit\test_metrics_collector.py::TestSeverityNormalization::test_normalize_severity[LOW-low] PASSED [  7%]
tests\unit\test_metrics_collector.py::TestSeverityNormalization::test_normalize_severity[MEDIUM-medium] PASSED [  8%]
tests\unit\test_metrics_collector.py::TestSeverityNormalization::test_normalize_severity[critical-critical] PASSED [  8%]
tests\unit\test_metrics_collector.py::TestSeverityNormalization::test_normalize_severity[NOTICE-low] PASSED [  8%]
tests\unit\test_metrics_collector.py::TestSeverityNormalization::test_normalize_severity[unknown-medium] PASSED [  8%]
tests\unit\test_metrics_collector.py::TestSeverityNormalization::test_normalize_severity[CRITICAL-critical] PASSED [  8%]
tests\unit\test_metrics_collector.py::TestSeverityNormalization::test_normalize_severity[warning-medium] PASSED [  8%]
tests\unit\test_metrics_collector.py::TestSeverityNormalization::test_normalize_severity[medium-medium] PASSED [  8%]
tests\unit\test_metrics_collector.py::TestSeverityNormalization::test_normalize_severity[ERROR-high] PASSED [  8%]
tests\unit\test_metrics_collector.py::TestSnapshotCreation::test_create_snapshot_history_limit PASSED [  8%]
tests\unit\test_metrics_collector.py::TestSnapshotCreation::test_create_snapshot_missing_fields_uses_defaults PASSED [  8%]
tests\unit\test_metrics_collector.py::TestSnapshotCreation::test_create_snapshot_none_assertion PASSED [  9%]
tests\unit\test_metrics_collector.py::TestSnapshotCreation::test_create_snapshot_adds_to_history PASSED [  9%]
tests\unit\test_metrics_collector.py::TestSnapshotCreation::test_create_snapshot_basic PASSED [  9%]
tests\unit\test_metrics_collector.py::TestPerformanceTracking::test_track_performance_rating_slow PASSED [  9%]
tests\unit\test_metrics_collector.py::TestPerformanceTracking::test_track_performance_rating_good PASSED [  9%]
tests\unit\test_metrics_collector.py::TestPerformanceTracking::test_track_performance_adds_to_history PASSED [  9%]
tests\unit\test_metrics_collector.py::TestPerformanceTracking::test_track_performance_negative_time_assertion PASSED [  9%]
tests\unit\test_metrics_collector.py::TestPerformanceTracking::test_track_performance_rating_excellent PASSED [  9%]
tests\unit\test_metrics_collector.py::TestPerformanceTracking::test_track_performance_negative_files_assertion PASSED [  9%]
tests\unit\test_metrics_collector.py::TestPerformanceTracking::test_track_performance_zero_files PASSED [ 10%]
tests\unit\test_metrics_collector.py::TestPerformanceTracking::test_track_performance_basic PASSED [ 10%]
tests\unit\test_metrics_collector.py::TestPerformanceTracking::test_track_performance_history_limit PASSED [ 10%]
tests\unit\test_metrics_collector.py::TestPerformanceTracking::test_track_performance_rating_acceptable PASSED [ 10%]
tests\unit\test_metrics_collector.py::TestPerformanceTracking::test_track_performance_increments_count PASSED [ 10%]
tests\unit\test_metrics_collector.py::TestPerformance::test_collect_metrics_performance PASSED [ 10%]
tests\unit\test_metrics_collector.py::TestPerformance::test_snapshot_creation_performance PASSED [ 10%]
tests\unit\test_metrics_collector.py::TestTrendAnalysis::test_trend_analysis_degrading PASSED [ 10%]
tests\unit\test_metrics_collector.py::TestTrendAnalysis::test_trend_analysis_no_data PASSED [ 10%]
tests\unit\test_metrics_collector.py::TestTrendAnalysis::test_trend_analysis_stable PASSED [ 10%]
tests\unit\test_metrics_collector.py::TestTrendAnalysis::test_trend_analysis_insufficient_data PASSED [ 11%]
tests\unit\test_metrics_collector.py::TestTrendAnalysis::test_trend_analysis_improving PASSED [ 11%]
tests\unit\test_metrics_collector.py::TestTrendAnalysis::test_trend_analysis_excellent_progress PASSED [ 11%]
tests\unit\test_metrics_collector.py::TestTrendAnalysis::test_trend_analysis_needs_attention PASSED [ 11%]
tests\unit\test_metrics_collector.py::TestConnascenceIndex::test_connascence_index_multiple_violations PASSED [ 11%]
tests\unit\test_metrics_collector.py::TestConnascenceIndex::test_connascence_index_missing_fields PASSED [ 11%]
tests\unit\test_metrics_collector.py::TestConnascenceIndex::test_connascence_index_single_violation PASSED [ 11%]
tests\unit\test_metrics_collector.py::TestConnascenceIndex::test_connascence_index_empty PASSED [ 11%]
tests\unit\test_metrics_collector.py::TestExportMetricsHistory::test_export_metrics_history PASSED [ 11%]
tests\unit\test_metrics_collector.py::TestExportMetricsHistory::test_export_empty_history PASSED [ 12%]
tests\unit\test_metrics_collector.py::TestEdgeCases::test_very_large_connascence_index PASSED [ 12%]
tests\unit\test_metrics_collector.py::TestEdgeCases::test_multiple_collectors_independent PASSED [ 12%]
tests\unit\test_metrics_collector.py::TestEdgeCases::test_snapshot_with_all_defaults PASSED [ 12%]
tests\unit\test_metrics_collector.py::TestEdgeCases::test_zero_analysis_time PASSED [ 12%]
tests\unit\test_metrics_collector.py::TestCollectViolationMetrics::test_collect_metrics_missing_keys[nasa] PASSED [ 12%]
tests\unit\test_metrics_collector.py::TestCollectViolationMetrics::test_collect_metrics_missing_keys[connascence] PASSED [ 12%]
tests\unit\test_metrics_collector.py::TestCollectViolationMetrics::test_collect_metrics_large_dataset FAILED [ 12%]
tests\unit\test_metrics_collector.py::TestCollectViolationMetrics::test_collect_metrics_none_assertion PASSED [ 12%]
tests\unit\test_metrics_collector.py::TestCollectViolationMetrics::test_collect_metrics_timing PASSED [ 12%]
tests\unit\test_metrics_collector.py::TestCollectViolationMetrics::test_collect_metrics_with_violations FAILED [ 13%]
tests\unit\test_metrics_collector.py::TestCollectViolationMetrics::test_collect_metrics_empty_violations PASSED [ 13%]
tests\unit\test_metrics_collector.py::TestCollectViolationMetrics::test_collect_metrics_missing_keys[duplication] PASSED [ 13%]
tests\integration\test_connascence_preservation.py::TestConnascenceTypePreservation::test_coa_algorithm_detector_works PASSED [ 13%]
tests\integration\test_connascence_preservation.py::TestConnascenceTypePreservation::test_all_9_types_validated PASSED [ 13%]
tests\integration\test_connascence_preservation.py::TestConnascenceTypePreservation::test_comprehensive_integration_scenario PASSED [ 13%]
tests\integration\test_connascence_preservation.py::TestConnascenceTypePreservation::test_coi_identity_detector_works PASSED [ 13%]
tests\integration\test_connascence_preservation.py::TestConnascenceTypePreservation::test_con_name_detector_works PASSED [ 13%]
tests\integration\test_connascence_preservation.py::TestConnascenceTypePreservation::test_cot_type_detector_works PASSED [ 13%]
tests\integration\test_connascence_preservation.py::TestConnascenceTypePreservation::test_coe_execution_detector_works PASSED [ 14%]
tests\integration\test_connascence_preservation.py::TestConnascenceTypePreservation::test_coid_timing_detector_works PASSED [ 14%]
tests\integration\test_connascence_preservation.py::TestConnascenceTypePreservation::test_cov_value_detector_works PASSED [ 14%]
tests\integration\test_connascence_preservation.py::TestConnascenceTypePreservation::test_com_meaning_detector_works PASSED [ 14%]
tests\integration\test_connascence_preservation.py::TestConnascenceTypePreservation::test_cop_position_detector_works PASSED [ 14%]
tests\integration\test_connascence_preservation.py::test_connascence_preservation_integration PASSED [ 14%]
tests\detectors\test_position_detector.py::TestPositionDetector::test_violation_for_bad_function PASSED [ 14%]
tests\detectors\test_position_detector.py::TestPositionDetector::test_no_violations_for_good_function PASSED [ 14%]
tests\test_context_aware_detection.py::test_config_class_detection PASSED [ 14%]
tests\test_context_aware_detection.py::test_business_logic_detection PASSED [ 14%]
tests\test_context_aware_detection.py::test_integration_with_main_analyzer PASSED [ 15%]
tests\test_context_aware_detection.py::test_magic_literal_context_awareness PASSED [ 15%]
tests\performance\test_benchmarks.py::TestPerformanceBenchmarks::test_small_codebase_performance FAILED [ 15%]
tests\performance\test_benchmarks.py::TestPerformanceBenchmarks::test_large_file_performance FAILED [ 15%]
tests\performance\test_benchmarks.py::TestPerformanceBenchmarks::test_medium_codebase_performance FAILED [ 15%]
tests\performance\test_benchmarks.py::TestPerformanceBenchmarks::test_incremental_analysis_performance PASSED [ 15%]
tests\performance\test_benchmarks.py::TestPerformanceBenchmarks::test_complexity_analysis_performance FAILED [ 15%]
tests\performance\test_benchmarks.py::TestPerformanceBenchmarks::test_memory_usage_stability FAILED [ 15%]
tests\performance\test_benchmarks.py::TestScalabilityBenchmarks::test_concurrent_analysis_performance PASSED [ 15%]
tests\performance\test_benchmarks.py::TestScalabilityBenchmarks::test_linear_scaling_hypothesis PASSED [ 15%]
tests\test_nasa_compliance.py::test_nasa_power_of_ten_compliance PASSED  [ 16%]
tests\test_enhanced_analysis.py::TestCurrentImplementationBehavior::test_current_magic_number_behavior FAILED [ 16%]
tests\test_enhanced_analysis.py::TestCurrentImplementationBehavior::test_current_god_object_thresholds PASSED [ 16%]
tests\test_enhanced_analysis.py::TestCurrentImplementationBehavior::test_file_analysis_behavior FAILED [ 16%]
tests\test_enhanced_analysis.py::TestCurrentImplementationBehavior::test_legacy_analyzer_direct FAILED [ 16%]
tests\test_enhanced_analysis.py::TestCurrentImplementationBehavior::test_multi_language_detection PASSED [ 16%]
tests\test_enhanced_analysis.py::TestCurrentImplementationBehavior::test_current_cli_parser_behavior PASSED [ 16%]
tests\test_enhanced_analysis.py::TestCurrentImplementationBehavior::test_core_analyzer_integration PASSED [ 16%]
tests\test_enhanced_analysis.py::TestRealWorldIntegration::test_self_analysis_integration PASSED [ 16%]
tests\test_enhanced_analysis.py::TestRealWorldIntegration::test_test_packages_integration PASSED [ 17%]
tests\test_enhanced_analysis.py::TestRealWorldIntegration::test_performance_characteristics PASSED [ 17%]
tests\e2e\test_repository_analysis.py::TestRepositoryAnalysisWorkflows::test_flask_api_analysis_workflow FAILED [ 17%]
tests\e2e\test_repository_analysis.py::TestRepositoryAnalysisWorkflows::test_memory_coordination_repository_tracking PASSED [ 17%]
tests\e2e\test_repository_analysis.py::TestRepositoryAnalysisWorkflows::test_large_repository_performance FAILED [ 17%]
tests\e2e\test_repository_analysis.py::TestRepositoryAnalysisWorkflows::test_repository_comparison_workflow FAILED [ 17%]
tests\e2e\test_repository_analysis.py::TestRepositoryAnalysisWorkflows::test_django_project_analysis_workflow FAILED [ 17%]
tests\e2e\test_repository_analysis.py::test_repository_analysis_integration PASSED [ 17%]
tests\test_detector_pool.py::TestPooledDetectorIntegration::test_refactored_detector_uses_pool PASSED [ 17%]
tests\test_detector_pool.py::TestPooledDetectorIntegration::test_fallback_on_pool_failure PASSED [ 17%]
tests\test_detector_pool.py::TestPooledDetectorIntegration::test_pool_metrics_available PASSED [ 18%]
tests\test_detector_pool.py::TestPooledDetectorIntegration::test_resource_cleanup_on_exception FAILED [ 18%]
tests\test_detector_pool.py::TestDetectorPool::test_warmup_functionality PASSED [ 18%]
tests\test_detector_pool.py::TestDetectorPool::test_acquire_all_detectors PASSED [ 18%]
tests\test_detector_pool.py::TestDetectorPool::test_thread_safety 