============================= test session starts =============================
platform win32 -- Python 3.12.5, pytest-9.0.1, pluggy-1.5.0 -- C:\Python312\python.exe
cachedir: .pytest_cache
hypothesis profile 'default'
benchmark: 4.0.0 (defaults: timer=time.perf_counter disable_gc=False min_rounds=5 min_time=0.000005 max_time=1.0 calibration_precision=10 warmup=False warmup_iterations=100000)
metadata: {'Python': '3.12.5', 'Platform': 'Windows-10-10.0.19045-SP0', 'Packages': {'pytest': '9.0.1', 'pluggy': '1.5.0'}, 'Plugins': {'anyio': '4.11.0', 'Faker': '18.13.0', 'hypothesis': '6.138.2', 'langsmith': '0.4.21', 'asyncio': '1.3.0', 'bandit': '0.6.1', 'benchmark': '4.0.0', 'cov': '4.1.0', 'env': '1.1.5', 'flask': '1.3.0', 'json-report': '1.5.0', 'metadata': '3.1.1', 'mock': '3.14.0', 'randomly': '3.16.0', 'timeout': '2.3.1', 'xdist': '3.6.1'}, 'JAVA_HOME': 'C:\\Program Files\\AdoptOpenJDK\\jre-8.0.265.01-hotspot\\'}
Using --randomly-seed=1969934085
rootdir: C:\Users\17175\Desktop\connascence\tests
configfile: pytest.ini
plugins: anyio-4.11.0, Faker-18.13.0, hypothesis-6.138.2, langsmith-0.4.21, asyncio-1.3.0, bandit-0.6.1, benchmark-4.0.0, cov-4.1.0, env-1.1.5, flask-1.3.0, json-report-1.5.0, metadata-3.1.1, mock-3.14.0, randomly-3.16.0, timeout-2.3.1, xdist-3.6.1
asyncio: mode=Mode.STRICT, debug=False, asyncio_default_fixture_loop_scope=None, asyncio_default_test_loop_scope=function
collecting ... collected 957 items / 4 skipped

tests\test_theater_detection.py::test_recommendation_generation PASSED   [  0%]
tests\test_theater_detection.py::test_connascence_specific_validation PASSED [  0%]
tests\test_theater_detection.py::test_pattern_library PASSED             [  0%]
tests\test_theater_detection.py::test_export_validation_report PASSED    [  0%]
tests\test_theater_detection.py::test_systemic_theater_detection PASSED  [  0%]
tests\test_theater_detection.py::test_validate_quality_claim_genuine PASSED [  0%]
tests\test_theater_detection.py::test_statistical_plausibility PASSED    [  0%]
tests\test_theater_detection.py::test_validate_quality_claim_theater PASSED [  0%]
tests\test_theater_detection.py::test_evidence_validator PASSED          [  0%]
tests\test_theater_detection.py::test_risk_level_assessment PASSED       [  1%]
tests\test_theater_detection.py::test_theater_detector_initialization PASSED [  1%]
tests\e2e\test_error_handling.py::test_error_handling_integration PASSED [  1%]
tests\e2e\test_error_handling.py::TestErrorHandlingWorkflows::test_exit_code_2_configuration_error_scenario FAILED [  1%]
tests\e2e\test_error_handling.py::TestErrorHandlingWorkflows::test_exit_code_0_no_violations_scenario FAILED [  1%]
tests\e2e\test_error_handling.py::TestErrorHandlingWorkflows::test_error_handling_memory_coordination_validation PASSED [  1%]
tests\e2e\test_error_handling.py::TestErrorHandlingWorkflows::test_error_message_quality_analysis FAILED [  1%]
tests\e2e\test_error_handling.py::TestErrorHandlingWorkflows::test_exit_code_4_license_error_scenario FAILED [  1%]
tests\e2e\test_error_handling.py::TestErrorHandlingWorkflows::test_memory_limit_scenarios FAILED [  1%]
tests\e2e\test_error_handling.py::TestErrorHandlingWorkflows::test_concurrent_analysis_error_handling FAILED [  1%]
tests\e2e\test_error_handling.py::TestErrorHandlingWorkflows::test_file_system_error_scenarios FAILED [  2%]
tests\e2e\test_error_handling.py::TestErrorHandlingWorkflows::test_keyboard_interrupt_handling FAILED [  2%]
tests\e2e\test_error_handling.py::TestErrorHandlingWorkflows::test_exit_code_1_violations_found_scenario FAILED [  2%]
tests\fixtures\compliance_targets\test_curated_compliance_examples.py::TestCuratedComplianceExamples::test_produces_documented_outputs PASSED [  2%]
tests\fixtures\compliance_targets\test_curated_compliance_examples.py::TestCuratedComplianceExamples::test_reports_structured_status_information PASSED [  2%]
tests\fixtures\compliance_targets\test_curated_compliance_examples.py::TestCuratedComplianceExamples::test_handles_keyword_only_scenarios PASSED [  2%]
tests\test_unified_quality_gate_integration.py::test_analyze_project_includes_clarity PASSED [  2%]
tests\test_unified_quality_gate_integration.py::test_initialization FAILED [  2%]
tests\test_unified_quality_gate_integration.py::test_import_integration PASSED [  2%]
tests\test_unified_quality_gate_integration.py::test_sarif_export_merges_analyzers PASSED [  3%]
tests\test_unified_quality_gate_integration.py::test_quality_score_includes_clarity PASSED [  3%]
tests\integration\test_connascence_cli_preservation.py::TestConnascenceCLIPreservation::test_cli_detects_multiple_types FAILED [  3%]
tests\integration\test_connascence_cli_preservation.py::TestConnascenceCLIPreservation::test_cli_detects_com_meaning_violations FAILED [  3%]
tests\integration\test_connascence_cli_preservation.py::TestConnascenceCLIPreservation::test_cli_detects_cop_position_violations FAILED [  3%]
tests\integration\test_connascence_cli_preservation.py::TestConnascenceCLIPreservation::test_cli_detects_coa_algorithm_violations FAILED [  3%]
tests\integration\test_connascence_cli_preservation.py::TestConnascenceCLIPreservation::test_cli_preservation_gate FAILED [  3%]
tests\integration\test_connascence_cli_preservation.py::test_cli_preservation_integration FAILED [  3%]
tests\e2e\test_sales_scenarios.py::TestSalesDemoScenarios::test_express_demo_scenario PASSED [  3%]
tests\e2e\test_sales_scenarios.py::TestSalesDemoScenarios::test_enterprise_security_scenario PASSED [  3%]
tests\e2e\test_sales_scenarios.py::TestSalesDemoScenarios::test_curl_demo_scenario PASSED [  4%]
tests\e2e\test_sales_scenarios.py::TestSalesDemoScenarios::test_celery_demo_scenario PASSED [  4%]
tests\e2e\test_sales_scenarios.py::TestSalesDemoScenarios::test_complete_sales_presentation PASSED [  4%]
tests\e2e\test_sales_scenarios.py::TestSalesDemoScenarios::test_vs_code_integration_scenario PASSED [  4%]
tests\test_exit_codes_unit.py::TestCLIExitCodes::test_invalid_command_exit_code PASSED [  4%]
tests\test_exit_codes_unit.py::TestCLIExitCodes::test_command_line_script_exists SKIPPED [  4%]
tests\test_exit_codes_unit.py::TestCLIExitCodes::test_verbose_flag_handling FAILED [  4%]
tests\test_exit_codes_unit.py::TestCLIExitCodes::test_configuration_error_exit_code PASSED [  4%]
tests\test_exit_codes_unit.py::TestCLIExitCodes::test_keyboard_interrupt_exit_code FAILED [  4%]
tests\test_exit_codes_unit.py::TestCLIExitCodes::test_skip_license_check_flag FAILED [  5%]
tests\test_exit_codes_unit.py::TestCLIExitCodes::test_general_error_exit_code PASSED [  5%]
tests\test_exit_codes_unit.py::TestCLIExitCodes::test_license_error_exit_code PASSED [  5%]
tests\test_exit_codes_unit.py::TestCLIExitCodes::test_version_command_exit_code PASSED [  5%]
tests\test_exit_codes_unit.py::TestCLIExitCodes::test_all_subcommand_parsers_exist PASSED [  5%]
tests\test_exit_codes_unit.py::TestCLIExitCodes::test_no_command_exit_code PASSED [  5%]
tests\test_exit_codes_unit.py::TestCLIExitCodes::test_config_file_handling PASSED [  5%]
tests\test_exit_codes_unit.py::TestCLIExitCodes::test_success_exit_code PASSED [  5%]
tests\test_exit_codes_unit.py::TestExitCodeConstants::test_exit_code_enum_values PASSED [  5%]
tests\test_exit_codes_unit.py::TestExitCodeConstants::test_backward_compatibility_mapping PASSED [  5%]
tests\test_exit_codes_unit.py::TestCommandHandlerIntegration::test_baseline_handler_integration PASSED [  6%]
tests\test_exit_codes_unit.py::TestCommandHandlerIntegration::test_scan_handler_integration PASSED [  6%]
tests\test_exit_codes_unit.py::TestCommandHandlerIntegration::test_autofix_handler_integration PASSED [  6%]
tests\test_exit_codes_unit.py::TestCommandHandlerIntegration::test_mcp_handler_integration PASSED [  6%]
tests\integration\test_unified_coordinator_workflow.py::TestUnifiedCoordinatorSingleFileAnalysis::test_single_file_with_cache FAILED [  6%]
tests\integration\test_unified_coordinator_workflow.py::TestUnifiedCoordinatorSingleFileAnalysis::test_analyze_single_file_workflow PASSED [  6%]
tests\integration\test_unified_coordinator_workflow.py::TestUnifiedCoordinatorSingleFileAnalysis::test_single_file_error_handling PASSED [  6%]
tests\integration\test_unified_coordinator_workflow.py::TestUnifiedCoordinatorComponentIntegration::test_complete_pipeline_integration PASSED [  6%]
tests\integration\test_unified_coordinator_workflow.py::TestUnifiedCoordinatorComponentIntegration::test_metrics_integration PASSED [  6%]
tests\integration\test_unified_coordinator_workflow.py::TestUnifiedCoordinatorComponentIntegration::test_report_generation_integration PASSED [  7%]
tests\integration\test_unified_coordinator_workflow.py::TestUnifiedCoordinatorComponentIntegration::test_cache_integration FAILED [  7%]
tests\integration\test_unified_coordinator_workflow.py::TestUnifiedCoordinatorEdgeCases::test_empty_directory PASSED [  7%]
tests\integration\test_unified_coordinator_workflow.py::TestUnifiedCoordinatorEdgeCases::test_missing_analyzers PASSED [  7%]
tests\integration\test_unified_coordinator_workflow.py::TestUnifiedCoordinatorEdgeCases::test_phase_failure_recovery PASSED [  7%]
tests\integration\test_unified_coordinator_workflow.py::TestUnifiedCoordinatorBatchAnalysis::test_batch_analysis_multiple_files FAILED [  7%]
tests\integration\test_unified_coordinator_workflow.py::TestUnifiedCoordinatorBatchAnalysis::test_batch_analysis_parallel_phases FAILED [  7%]
tests\integration\test_unified_coordinator_workflow.py::TestUnifiedCoordinatorDirectoryAnalysis::test_directory_analysis_performance FAILED [  7%]
tests\integration\test_unified_coordinator_workflow.py::TestUnifiedCoordinatorDirectoryAnalysis::test_analyze_directory_workflow FAILED [  7%]
tests\integration\test_unified_coordinator_workflow.py::TestUnifiedCoordinatorDirectoryAnalysis::test_directory_analysis_with_filters PASSED [  7%]
tests\integration\test_unified_coordinator_workflow.py::TestUnifiedCoordinatorBackwardCompatibility::test_analyze_directory_alias PASSED [  8%]
tests\integration\test_unified_coordinator_workflow.py::TestUnifiedCoordinatorBackwardCompatibility::test_analyze_file_alias PASSED [  8%]
tests\integration\test_unified_coordinator_workflow.py::TestUnifiedCoordinatorReportFormats::test_json_report_generation PASSED [  8%]
tests\integration\test_unified_coordinator_workflow.py::TestUnifiedCoordinatorReportFormats::test_dashboard_summary_generation PASSED [  8%]
tests\integration\test_unified_coordinator_workflow.py::TestUnifiedCoordinatorReportFormats::test_sarif_report_generation PASSED [  8%]
tests\integration\test_unified_coordinator_workflow.py::TestUnifiedCoordinatorReportFormats::test_markdown_report_generation PASSED [  8%]
tests\integration\test_unified_coordinator_workflow.py::TestUnifiedCoordinatorStreamingAnalysis::test_streaming_analysis_progressive_results FAILED [  8%]
tests\unit\test_metrics_collector.py::TestDuplicationScore::test_duplication_score_single_cluster PASSED [  8%]
tests\unit\test_metrics_collector.py::TestDuplicationScore::test_duplication_score_no_clusters PASSED [  8%]
tests\unit\test_metrics_collector.py::TestDuplicationScore::test_duplication_score_multiple_clusters PASSED [  8%]
tests\unit\test_metrics_collector.py::TestDuplicationScore::test_duplication_score_cannot_go_negative PASSED [  9%]
tests\unit\test_metrics_collector.py::TestDuplicationScore::test_duplication_score_size_multiplier_capped PASSED [  9%]
tests\unit\test_metrics_collector.py::TestSeverityNormalization::test_normalize_severity[-medium] PASSED [  9%]
tests\unit\test_metrics_collector.py::TestSeverityNormalization::test_normalize_severity[warning-medium] PASSED [  9%]
tests\unit\test_metrics_collector.py::TestSeverityNormalization::test_normalize_severity[MEDIUM-medium] PASSED [  9%]
tests\unit\test_metrics_collector.py::TestSeverityNormalization::test_normalize_severity[LOW-low] PASSED [  9%]
tests\unit\test_metrics_collector.py::TestSeverityNormalization::test_normalize_severity[invalid-medium] PASSED [  9%]
tests\unit\test_metrics_collector.py::TestSeverityNormalization::test_normalize_severity[WARNING-medium] PASSED [  9%]
tests\unit\test_metrics_collector.py::TestSeverityNormalization::test_normalize_severity[medium-medium] PASSED [  9%]
tests\unit\test_metrics_collector.py::TestSeverityNormalization::test_normalize_severity[CRITICAL-critical] PASSED [ 10%]
tests\unit\test_metrics_collector.py::TestSeverityNormalization::test_normalize_severity[ERROR-high] PASSED [ 10%]
tests\unit\test_metrics_collector.py::TestSeverityNormalization::test_normalize_severity[Critical-critical] PASSED [ 10%]
tests\unit\test_metrics_collector.py::TestSeverityNormalization::test_normalize_severity[HIGH-high] PASSED [ 10%]
tests\unit\test_metrics_collector.py::TestSeverityNormalization::test_normalize_severity[low-low] PASSED [ 10%]
tests\unit\test_metrics_collector.py::TestSeverityNormalization::test_normalize_severity[error-high] PASSED [ 10%]
tests\unit\test_metrics_collector.py::TestSeverityNormalization::test_normalize_severity[unknown-medium] PASSED [ 10%]
tests\unit\test_metrics_collector.py::TestSeverityNormalization::test_normalize_severity[notice-low] PASSED [ 10%]
tests\unit\test_metrics_collector.py::TestSeverityNormalization::test_normalize_severity[INFO-info] PASSED [ 10%]
tests\unit\test_metrics_collector.py::TestSeverityNormalization::test_normalize_severity[critical-critical] PASSED [ 10%]
tests\unit\test_metrics_collector.py::TestSeverityNormalization::test_normalize_severity[NOTICE-low] PASSED [ 11%]
tests\unit\test_metrics_collector.py::TestSeverityNormalization::test_normalize_severity[high-high] PASSED [ 11%]
tests\unit\test_metrics_collector.py::TestSeverityNormalization::test_normalize_severity[info-info] PASSED [ 11%]
tests\unit\test_metrics_collector.py::TestCountViolationsBySeverity::test_count_missing_severity PASSED [ 11%]
tests\unit\test_metrics_collector.py::TestCountViolationsBySeverity::test_count_by_severity PASSED [ 11%]
tests\unit\test_metrics_collector.py::TestCountViolationsBySeverity::test_count_empty_list PASSED [ 11%]
tests\unit\test_metrics_collector.py::TestPerformanceTracking::test_track_performance_adds_to_history PASSED [ 11%]
tests\unit\test_metrics_collector.py::TestPerformanceTracking::test_track_performance_rating_acceptable PASSED [ 11%]
tests\unit\test_metrics_collector.py::TestPerformanceTracking::test_track_performance_zero_files PASSED [ 11%]
tests\unit\test_metrics_collector.py::TestPerformanceTracking::test_track_performance_rating_good PASSED [ 12%]
tests\unit\test_metrics_collector.py::TestPerformanceTracking::test_track_performance_negative_time_assertion PASSED [ 12%]
tests\unit\test_metrics_collector.py::TestPerformanceTracking::test_track_performance_rating_slow PASSED [ 12%]
tests\unit\test_metrics_collector.py::TestPerformanceTracking::test_track_performance_basic PASSED [ 12%]
tests\unit\test_metrics_collector.py::TestPerformanceTracking::test_track_performance_rating_excellent PASSED [ 12%]
tests\unit\test_metrics_collector.py::TestPerformanceTracking::test_track_performance_negative_files_assertion PASSED [ 12%]
tests\unit\test_metrics_collector.py::TestPerformanceTracking::test_track_performance_history_limit PASSED [ 12%]
tests\unit\test_metrics_collector.py::TestPerformanceTracking::test_track_performance_increments_count PASSED [ 12%]
tests\unit\test_metrics_collector.py::TestTrendAnalysis::test_trend_analysis_no_data PASSED [ 12%]
tests\unit\test_metrics_collector.py::TestTrendAnalysis::test_trend_analysis_excellent_progress PASSED [ 12%]
tests\unit\test_metrics_collector.py::TestTrendAnalysis::test_trend_analysis_stable PASSED [ 13%]
tests\unit\test_metrics_collector.py::TestTrendAnalysis::test_trend_analysis_needs_attention PASSED [ 13%]
tests\unit\test_metrics_collector.py::TestTrendAnalysis::test_trend_analysis_degrading PASSED [ 13%]
tests\unit\test_metrics_collector.py::TestTrendAnalysis::test_trend_analysis_insufficient_data PASSED [ 13%]
tests\unit\test_metrics_collector.py::TestTrendAnalysis::test_trend_analysis_improving PASSED [ 13%]
tests\unit\test_metrics_collector.py::TestCollectViolationMetrics::test_collect_metrics_large_dataset FAILED [ 13%]
tests\unit\test_metrics_collector.py::TestCollectViolationMetrics::test_collect_metrics_missing_keys[nasa] PASSED [ 13%]
tests\unit\test_metrics_collector.py::TestCollectViolationMetrics::test_collect_metrics_none_assertion PASSED [ 13%]
tests\unit\test_metrics_collector.py::TestCollectViolationMetrics::test_collect_metrics_with_violations FAILED [ 13%]
tests\unit\test_metrics_collector.py::TestCollectViolationMetrics::test_collect_metrics_timing PASSED [ 14%]
tests\unit\test_metrics_collector.py::TestCollectViolationMetrics::test_collect_metrics_missing_keys[connascence] PASSED [ 14%]
tests\unit\test_metrics_collector.py::TestCollectViolationMetrics::test_collect_metrics_empty_violations PASSED [ 14%]
tests\unit\test_metrics_collector.py::TestCollectViolationMetrics::test_collect_metrics_missing_keys[duplication] PASSED [ 14%]
tests\unit\test_metrics_collector.py::TestMetricsSummary::test_metrics_summary_with_data PASSED [ 14%]
tests\unit\test_metrics_collector.py::TestMetricsSummary::test_metrics_summary_with_baseline PASSED [ 14%]
tests\unit\test_metrics_collector.py::TestMetricsSummary::test_metrics_summary_no_data PASSED [ 14%]
tests\unit\test_metrics_collector.py::TestDynamicWeights::test_dynamic_weights_low_duplication_score PASSED [ 14%]
tests\unit\test_metrics_collector.py::TestDynamicWeights::test_dynamic_weights_low_nasa_score PASSED [ 14%]
tests\unit\test_metrics_collector.py::TestDynamicWeights::test_dynamic_weights_high_connascence PASSED [ 14%]
tests\unit\test_metrics_collector.py::TestDynamicWeights::test_dynamic_weights_all_problems PASSED [ 15%]
tests\unit\test_metrics_collector.py::TestDynamicWeights::test_dynamic_weights_normal_scores PASSED [ 15%]
tests\unit\test_metrics_collector.py::TestSnapshotCreation::test_create_snapshot_adds_to_history PASSED [ 15%]
tests\unit\test_metrics_collector.py::TestSnapshotCreation::test_create_snapshot_history_limit PASSED [ 15%]
tests\unit\test_metrics_collector.py::TestSnapshotCreation::test_create_snapshot_basic PASSED [ 15%]
tests\unit\test_metrics_collector.py::TestSnapshotCreation::test_create_snapshot_missing_fields_uses_defaults PASSED [ 15%]
tests\unit\test_metrics_collector.py::TestSnapshotCreation::test_create_snapshot_none_assertion PASSED [ 15%]
tests\unit\test_metrics_collector.py::TestIntegration::test_continuous_monitoring_scenario PASSED [ 15%]
tests\unit\test_metrics_collector.py::TestIntegration::test_full_workflow FAILED [ 15%]
tests\unit\test_metrics_collector.py::TestMetricsCollectorInit::test_none_config_uses_default PASSED [ 15%]
tests\unit\test_metrics_collector.py::TestMetricsCollectorInit::test_default_initialization PASSED [ 16%]
tests\unit\test_metrics_collector.py::TestMetricsCollectorInit::test_custom_initialization PASSED [ 16%]
tests\unit\test_metrics_collector.py::TestMetricsCollectorInit::test_quality_weights_default PASSED [ 16%]
tests\unit\test_metrics_collector.py::TestConnascenceIndex::test_connascence_index_missing_fields PASSED [ 16%]
tests\unit\test_metrics_collector.py::TestConnascenceIndex::test_connascence_index_empty PASSED [ 16%]
tests\unit\test_metrics_collector.py::TestConnascenceIndex::test_connascence_index_multiple_violations PASSED [ 16%]
tests\unit\test_metrics_collector.py::TestConnascenceIndex::test_connascence_index_single_violation PASSED [ 16%]
tests\unit\test_metrics_collector.py::TestEdgeCases::test_very_large_connascence_index PASSED [ 16%]
tests\unit\test_metrics_collector.py::TestEdgeCases::test_zero_analysis_time PASSED [ 16%]
tests\unit\test_metrics_collector.py::TestEdgeCases::test_multiple_collectors_independent PASSED [ 17%]
tests\unit\test_metrics_collector.py::TestEdgeCases::test_snapshot_with_all_defaults PASSED [ 17%]
tests\unit\test_metrics_collector.py::TestBaselineComparison::test_baseline_status_thresholds[-0.15-significantly_degraded] PASSED [ 17%]
tests\unit\test_metrics_collector.py::TestBaselineComparison::test_baseline_status_thresholds[0.01-stable] PASSED [ 17%]
tests\unit\test_metrics_collector.py::TestBaselineComparison::test_get_baseline_comparison_improved PASSED [ 17%]
tests\unit\test_metrics_collector.py::TestBaselineComparison::test_baseline_status_thresholds[-0.01-stable] PASSED [ 17%]
tests\unit\test_metrics_collector.py::TestBaselineComparison::test_set_baseline PASSED [ 17%]
tests\unit\test_metrics_collector.py::TestBaselineComparison::test_get_baseline_comparison_no_baseline PASSED [ 17%]
tests\unit\test_metrics_collector.py::TestBaselineComparison::test_get_baseline_comparison_degraded PASSED [ 17%]
tests\unit\test_metrics_collector.py::TestBaselineComparison::test_baseline_status_thresholds[-0.05-degraded] PASSED [ 17%]
tests\unit\test_metrics_collector.py::TestBaselineComparison::test_baseline_status_thresholds[0.05-improved] PASSED [ 18%]
tests\unit\test_metrics_collector.py::TestBaselineComparison::test_baseline_status_thresholds[0.15-significantly_improved] PASSED [ 18%]
tests\unit\test_metrics_collector.py::TestBaselineComparison::test_get_baseline_comparison_no_history PASSED [ 18%]
tests\unit\test_metrics_collector.py::TestExportMetricsHistory::test_export_metrics_history PASSED [ 18%]
tests\unit\test_metrics_collector.py::TestExportMetricsHistory::test_export_empty_history PASSED [ 18%]
tests\unit\test_metrics_collector.py::TestQualityScoreCalculation::test_quality_score_missing_fields_uses_defaults PASSED [ 18%]
tests\unit\test_metrics_collector.py::TestQualityScoreCalculation::test_quality_score_perfect PASSED [ 18%]
tests\unit\test_metrics_collector.py::TestQualityScoreCalculation::test_quality_score_mixed PASSED [ 18%]
tests\unit\test_metrics_collector.py::TestQualityScoreCalculation::test_quality_score_none_assertion PASSED [ 18%]
tests\unit\test_metrics_collector.py::TestQualityScoreCalculation::test_quality_score_poor PASSED [ 19%]
tests\unit\test_metrics_collector.py::TestNASAComplianceScore::test_nasa_score_missing_context PASSED [ 19%]
tests\unit\test_metrics_collector.py::TestNASAComplianceScore::test_nasa_score_multiple_violations PASSED [ 19%]
tests\unit\test_metrics_collector.py::TestNASAComplianceScore::test_nasa_score_cannot_go_negative PASSED [ 19%]
tests\unit\test_metrics_collector.py::TestNASAComplianceScore::test_nasa_score_single_violation PASSED [ 19%]
tests\unit\test_metrics_collector.py::TestNASAComplianceScore::test_nasa_score_no_violations PASSED [ 19%]
tests\unit\test_metrics_collector.py::TestPerformance::test_collect_metrics_performance PASSED [ 19%]
tests\unit\test_metrics_collector.py::TestPerformance::test_snapshot_creation_performance PASSED [ 19%]
tests\test_production_readiness.py::ProductionReadinessTests::test_error_handling_robustness PASSED [ 19%]
tests\test_production_readiness.py::ProductionReadinessTests::test_concurrent_access_safety PASSED [ 19%]
tests\test_production_readiness.py::ProductionReadinessTests::test_configuration_flexibility PASSED [ 20%]
tests\test_production_readiness.py::ProductionReadinessTests::test_critical_path_streaming_analysis FAILED [ 20%]
tests\test_production_readiness.py::ProductionReadinessTests::test_performance_requirements FAILED [ 20%]
tests\test_production_readiness.py::ProductionReadinessTests::test_data_persistence_integrity FAILED [ 20%]
tests\test_production_readiness.py::ProductionReadinessTests::test_system_integration_completeness FAILED [ 20%]
tests\test_production_readiness.py::ProductionReadinessTests::test_critical_path_batch_analysis FAILED [ 20%]
tests\test_production_readiness.py::ProductionReadinessTests::test_memory_management_under_load FAILED [ 20%]
tests\test_enhanced_analysis.py::TestRealWorldIntegration::test_test_packages_integration PASSED [ 20%]
tests\test_enhanced_analysis.py::TestRealWorldIntegration::test_self_analysis_integration PASSED [ 20%]
tests\test_enhanced_analysis.py::TestRealWorldIntegration::test_performance_characteristics PASSED [ 21%]
tests\test_enhanced_analysis.py::TestCurrentImplementationBehavior::test_core_analyzer_integration PASSED [ 21%]
tests\test_enhanced_analysis.py::TestCurrentImplementationBehavior::test_current_magic_number_behavior FAILED [ 21%]
tests\test_enhanced_analysis.py::TestCurrentImplementationBehavior::test_file_analysis_behavior FAILED [ 21%]
tests\test_enhanced_analysis.py::TestCurrentImplementationBehavior::test_current_cli_parser_behavior PASSED [ 21%]
tests\test_enhanced_analysis.py::TestCurrentImplementationBehavior::test_legacy_analyzer_direct FAILED [ 21%]
tests\test_enhanced_analysis.py::TestCurrentImplementationBehavior::test_multi_language_detection PASSED [ 21%]
tests\test_enhanced_analysis.py::TestCurrentImplementationBehavior::test_current_god_object_thresholds PASSED [ 21%]
tests\test_basic_functionality.py::test_core_analyzer_instantiation PASSED [ 21%]
tests\test_basic_functionality.py::test_constants_module PASSED          [ 21%]
tests\test_basic_functionality.py::test_parser_basic_functionality PASSED [ 22%]
tests\test_basic_functionality.py::test_violation_dataclass PASSED       [ 22%]
tests\test_basic_functionality.py::test_thresholds_module PASSED         [ 22%]
tests\test_basic_functionality.py::test_temp_file_analysis PASSED        [ 22%]
tests\test_basic_functionality.py::test_core_imports PASSED              [ 22%]
tests\test_basic_functionality.py::test_legacy_analyzer_instantiation FAILED [ 22%]
tests\test_basic_functionality.py::test_error_handling_basic PASSED      [ 22%]
tests\test_basic_functionality.py::test_file_structure_validation PASSED [ 22%]
tests\test_basic_functionality.py::test_basic_ast_functionality PASSED   [ 22%]
tests\test_basic_functionality.py::test_language_strategies_import PASSED [ 22%]
tests\enhanced\test_vscode_integration.py::TestVSCodeIntegrationFlow::test_complete_enhanced_analysis_workflow FAILED [ 23%]
tests\enhanced\test_vscode_integration.py::TestVSCodeEnhancedIntegration::test_smart_recommendations_display PASSED [ 23%]
tests\enhanced\test_vscode_integration.py::TestVSCodeEnhancedIntegration::test_enhanced_command_registration FAILED [ 23%]
tests\enhanced\test_vscode_integration.py::TestVSCodeEnhancedIntegration::test_configuration_validation PASSED [ 23%]
tests\enhanced\test_vscode_integration.py::TestVSCodeEnhancedIntegration::test_enhanced_diagnostics_integration PASSED [ 23%]
tests\enhanced\test_vscode_integration.py::TestVSCodeEnhancedIntegration::test_policy_resolution_integration ERROR [ 23%]
tests\enhanced\test_vscode_integration.py::TestVSCodeEnhancedIntegration::test_correlation_visualization_data PASSED [ 23%]
tests\enhanced\test_vscode_integration.py::TestVSCodeEnhancedIntegration::test_audit_trail_visualization PASSED [ 23%]
tests\enhanced\test_vscode_integration.py::TestVSCodeEnhancedIntegration::test_error_handling_enhanced_features FAILED [ 23%]
tests\enhanced\test_vscode_integration.py::TestVSCodeEnhancedIntegration::test_enhanced_analysis_execution FAILED [ 24%]
tests\enhanced\test_vscode_integration.py::TestVSCodeEnhancedIntegration::test_enhanced_pipeline_provider_initialization PASSED [ 24%]
tests\test_clarity_linter_orchestrator.py::TestClarityConfigLoader::test_load_default_config PASSED [ 24%]
tests\test_clarity_linter_orchestrator.py::TestClarityConfigLoader::test_get_rule_config PASSED [ 24%]
tests\test_clarity_linter_orchestrator.py::TestClarityConfigLoader::test_load_from_file PASSED [ 24%]
tests\test_clarity_linter_orchestrator.py::TestBaseClarityDetector::test_create_violation PASSED [ 24%]
tests\test_clarity_linter_orchestrator.py::TestBaseClarityDetector::test_reset PASSED [ 24%]
tests\test_clarity_linter_orchestrator.py::TestBaseClarityDetector::test_detect_abstract_method PASSED [ 24%]
tests\test_clarity_linter_orchestrator.py::TestBaseClarityDetector::test_is_enabled PASSED [ 24%]
tests\test_clarity_linter_orchestrator.py::TestBaseClarityDetector::test_get_metrics PASSED [ 24%]
tests\test_clarity_linter_orchestrator.py::TestBaseClarityDetector::test_init_default_config PASSED [ 25%]
tests\test_clarity_linter_orchestrator.py::TestBaseClarityDetector::test_init_with_config PASSED [ 25%]
tests\test_clarity_linter_orchestrator.py::TestClarityViolation::test_to_dict PASSED [ 25%]
tests\test_clarity_linter_orchestrator.py::TestClarityViolation::test_violation_creation PASSED [ 25%]
tests\test_clarity_linter_orchestrator.py::TestClarityViolation::test_to_connascence_violation PASSED [ 25%]
tests\test_clarity_linter_orchestrator.py::TestClarityLinter::test_should_analyze_file_excluded_dir FAILED [ 25%]
tests\test_clarity_linter_orchestrator.py::TestClarityLinter::test_get_summary FAILED [ 25%]
tests\test_clarity_linter_orchestrator.py::TestClarityLinter::test_analyze_file_syntax_error FAILED [ 25%]
tests\test_clarity_linter_orchestrator.py::TestClarityLinter::test_init_custom_config FAILED [ 25%]
tests\test_clarity_linter_orchestrator.py::TestClarityLinter::test_find_config FAILED [ 26%]
tests\test_clarity_linter_orchestrator.py::TestClarityLinter::test_init_default_config FAILED [ 26%]
tests\test_clarity_linter_orchestrator.py::TestClarityLinter::test_analyze_file_valid FAILED [ 26%]
tests\test_clarity_linter_orchestrator.py::TestClarityLinter::test_register_detectors FAILED [ 26%]
tests\test_clarity_linter_orchestrator.py::TestClarityLinter::test_should_analyze_file_excluded_pattern FAILED [ 26%]
tests\test_clarity_linter_orchestrator.py::TestClaritySummary::test_summary_creation PASSED [ 26%]
tests\test_clarity_linter_orchestrator.py::TestClaritySummary::test_from_violations PASSED [ 26%]
tests\test_clarity_linter_orchestrator.py::TestSARIFExporter::test_export_with_violations PASSED [ 26%]
tests\test_clarity_linter_orchestrator.py::TestSARIFExporter::test_severity_mapping PASSED [ 26%]
tests\test_clarity_linter_orchestrator.py::TestSARIFExporter::test_write_to_file PASSED [ 26%]
tests\test_clarity_linter_orchestrator.py::TestSARIFExporter::test_export_empty_violations PASSED [ 27%]
tests\test_cli_interface.py::TestCLIConfigurationDiscovery::test_pyproject_toml_discovery PASSED [ 27%]
tests\test_cli_interface.py::TestCLIConfigurationDiscovery::test_setup_cfg_discovery PASSED [ 27%]
tests\test_cli_interface.py::TestCLIConfigurationDiscovery::test_connascence_cfg_discovery PASSED [ 27%]
tests\test_cli_interface.py::TestCLIConfigurationDiscovery::test_config_file_precedence PASSED [ 27%]
tests\test_cli_interface.py::TestCLIBackwardsCompatibility::test_error_handling_compatibility PASSED [ 27%]
tests\test_cli_interface.py::TestCLIBackwardsCompatibility::test_policy_name_resolution PASSED [ 27%]
tests\test_cli_interface.py::TestCLIBackwardsCompatibility::test_legacy_argument_patterns PASSED [ 27%]
tests\test_cli_interface.py::TestCLIBackwardsCompatibility::test_deprecated_policy_warnings PASSED [ 27%]
tests\test_cli_interface.py::TestCLIInterface::test_exclude_patterns_handling PASSED [ 28%]
tests\test_cli_interface.py::TestCLIInterface::test_output_file_handling PASSED [ 28%]
tests\test_cli_interface.py::TestCLIInterface::test_policy_argument_handling PASSED [ 28%]
tests\test_cli_interface.py::TestCLIInterface::test_flake8_style_usage_patterns PASSED [ 28%]
tests\test_cli_interface.py::TestCLIInterface::test_critical_violations_exit_code_strict_mode PASSED [ 28%]
tests\test_cli_interface.py::TestCLIInterface::test_successful_analysis_exit_code PASSED [ 28%]
tests\test_cli_interface.py::TestCLIInterface::test_basic_directory_analysis_command PASSED [ 28%]
tests\test_cli_interface.py::TestCLIInterface::test_simplified_command_structure PASSED [ 28%]
tests\test_cli_interface.py::TestCLIInterface::test_analysis_failure_exit_code PASSED [ 28%]
tests\test_cli_interface.py::TestCLIInterface::test_json_output_format PASSED [ 28%]
tests\test_cli_interface.py::TestCLIInterface::test_sarif_output_format PASSED [ 29%]
tests\test_cli_interface.py::TestCLIInterface::test_analysis_with_violations_exit_code PASSED [ 29%]
tests\test_cli_interface.py::TestCLIInterface::test_tool_correlation_flags PASSED [ 29%]
tests\test_cli_interface.py::TestCLIInterface::test_format_argument_handling PASSED [ 29%]
tests\test_cli_interface.py::TestCLIInterface::test_strict_mode_flag PASSED [ 29%]
tests\test_cli_interface.py::TestCLIInterface::test_sarif_specific_flags PASSED [ 29%]
tests\test_cli_interface.py::TestCLIInterface::test_nasa_validation_flag PASSED [ 29%]
tests\test_cli_interface.py::TestCLIInterface::test_error_handling_invalid_path PASSED [ 29%]
tests\test_cli_interface.py::TestCLIInterface::test_help_message_content PASSED [ 29%]
tests\test_autofix.py::TestPatchGenerator::test_patch_generation_routing FAILED [ 29%]
tests\test_autofix.py::TestPatchGenerator::test_patch_caching FAILED     [ 30%]
tests\test_autofix.py::TestParameterBombFixer::test_dataclass_refactor_suggestion PASSED [ 30%]
tests\test_autofix.py::TestParameterBombFixer::test_keyword_only_refactor PASSED [ 30%]
tests\test_autofix.py::TestParameterBombFixer::test_method_vs_function_handling PASSED [ 30%]
tests\test_autofix.py::TestTypeHintFixer::test_return_type_inference PASSED [ 30%]
tests\test_autofix.py::TestTypeHintFixer::test_simple_type_inference PASSED [ 30%]
tests\test_autofix.py::TestTypeHintFixer::test_parameter_type_inference PASSED [ 30%]
tests\test_autofix.py::TestMagicLiteralFixer::test_constant_name_generation PASSED [ 30%]
tests\test_autofix.py::TestMagicLiteralFixer::test_ignored_values PASSED [ 30%]
tests\test_autofix.py::TestMagicLiteralFixer::test_numeric_literal_extraction PASSED [ 31%]
tests\test_autofix.py::TestMagicLiteralFixer::test_string_literal_extraction PASSED [ 31%]
tests\test_autofix.py::TestMagicLiteralFixer::test_confidence_scoring PASSED [ 31%]
tests\test_autofix.py::TestAutofixEngine::test_dry_run_mode ERROR        [ 31%]
tests\test_autofix.py::TestAutofixEngine::test_safety_level_filtering ERROR [ 31%]
tests\test_autofix.py::TestAutofixEngine::test_confidence_threshold_filtering ERROR [ 31%]
tests\test_autofix.py::TestSafeAutofixer::test_patch_limiting FAILED     [ 31%]
tests\test_autofix.py::TestSafeAutofixer::test_preview_generation FAILED [ 31%]
tests\test_autofix.py::TestSafeAutofixer::test_recommendation_generation FAILED [ 31%]
tests\enhanced\test_performance_benchmarks.py::TestPerformanceBenchmarks::test_memory_usage_patterns FAILED [ 31%]
tests\enhanced\test_performance_benchmarks.py::TestPerformanceBenchmarks::test_concurrent_analysis_performance FAILED [ 32%]
tests\enhanced\test_performance_benchmarks.py::TestPerformanceBenchmarks::test_interface_response_time_benchmarks FAILED [ 32%]
tests\enhanced\test_performance_benchmarks.py::TestPerformanceBenchmarks::test_smart_recommendations_generation_performance FAILED [ 32%]
tests\enhanced\test_performance_benchmarks.py::TestPerformanceBenchmarks::test_scalability_across_project_sizes FAILED [ 32%]
tests\enhanced\test_performance_benchmarks.py::TestPerformanceBenchmarks::test_correlation_computation_performance FAILED [ 32%]
tests\test_metrics_collector.py::TestMetricsCollector::test_snapshot_creation PASSED [ 32%]
tests\test_metrics_collector.py::TestMetricsCollector::test_quality_score_calculation PASSED [ 32%]
tests\test_metrics_collector.py::TestMetricsCollector::test_metrics_summary PASSED [ 32%]
tests\test_metrics_collector.py::TestMetricsCollector::test_nasa_compliance_with_critical_rules PASSED [ 32%]
tests\test_metrics_collector.py::TestMetricsCollector::test_collect_violation_metrics PASSED [ 33%]
tests\test_metrics_collector.py::TestMetricsCollector::test_connascence_index_weighting PASSED [ 33%]
tests\test_metrics_collector.py::TestMetricsCollector::test_dynamic_weights PASSED [ 33%]
tests\test_metrics_collector.py::TestMetricsCollector::test_severity_normalization PASSED [ 33%]
tests\test_metrics_collector.py::TestMetricsCollector::test_duplication_score_with_similarity PASSED [ 33%]
tests\test_metrics_collector.py::TestMetricsCollector::test_history_limit PASSED [ 33%]
tests\test_metrics_collector.py::TestMetricsCollector::test_trend_analysis_with_data PASSED [ 33%]
tests\test_metrics_collector.py::TestMetricsCollector::test_baseline_comparison PASSED [ 33%]
tests\test_metrics_collector.py::TestMetricsCollector::test_trend_analysis_no_data PASSED [ 33%]
tests\test_metrics_collector.py::TestMetricsCollector::test_baseline_setting PASSED [ 33%]
tests\test_metrics_collector.py::TestMetricsCollector::test_performance_rating_thresholds PASSED [ 34%]
tests\test_metrics_collector.py::TestMetricsCollector::test_initialization PASSED [ 34%]
tests\test_metrics_collector.py::TestMetricsCollector::test_performance_tracking PASSED [ 34%]
tests\test_metrics_collector.py::TestMetricsCollector::test_metrics_export PASSED [ 34%]
tests\fixtures\test_connascence_compliance.py::TestDocumentationCompliance::test_test_method_naming PASSED [ 34%]
tests\fixtures\test_connascence_compliance.py::TestDocumentationCompliance::test_docstring_coverage PASSED [ 34%]
tests\fixtures\test_connascence_compliance.py::test_overall_connascence_score PASSED [ 34%]
tests\fixtures\test_connascence_compliance.py::TestArchitecturalCompliance::test_dependency_direction_compliance PASSED [ 34%]
tests\fixtures\test_connascence_compliance.py::TestArchitecturalCompliance::test_agent_interface_adherence PASSED [ 34%]
tests\fixtures\test_connascence_compliance.py::TestArchitecturalCompliance::test_single_responsibility_adherence PASSED [ 35%]
tests\fixtures\test_connascence_compliance.py::TestConnascenceCompliance::test_proper_builder_usage PASSED [ 35%]
tests\fixtures\test_connascence_compliance.py::TestConnascenceCompliance::test_minimal_magic_values PASSED [ 35%]
tests\fixtures\test_connascence_compliance.py::TestConnascenceCompliance::test_test_isolation_patterns PASSED [ 35%]
tests\fixtures\test_connascence_compliance.py::TestConnascenceCompliance::test_no_excessive_positional_parameters PASSED [ 35%]
tests\fixtures\test_connascence_compliance.py::TestConnascenceCompliance::test_interface_abstraction_compliance PASSED [ 35%]
tests\fixtures\test_connascence_compliance.py::TestConnascenceCompliance::test_no_algorithm_duplication PASSED [ 35%]
tests\fixtures\test_connascence_compliance.py::TestConnascenceCompliance::test_minimal_temporal_coupling PASSED [ 35%]
tests\enhanced\test_error_handling_edge_cases.py::TestErrorHandlingAndEdgeCases::test_permission_denied_handling PASSED [ 35%]
tests\enhanced\test_error_handling_edge_cases.py::TestErrorHandlingAndEdgeCases::test_malformed_python_syntax_handling PASSED [ 35%]
tests\enhanced\test_error_handling_edge_cases.py::TestErrorHandlingAndEdgeCases::test_network_timeout_simulation PASSED [ 36%]
tests\enhanced\test_error_handling_edge_cases.py::TestErrorHandlingAndEdgeCases::test_memory_exhaustion_handling PASSED [ 36%]
tests\enhanced\test_error_handling_edge_cases.py::TestErrorHandlingAndEdgeCases::test_interface_communication_failure PASSED [ 36%]
tests\enhanced\test_error_handling_edge_cases.py::TestErrorHandlingAndEdgeCases::test_timeout_handling_with_partial_results PASSED [ 36%]
tests\enhanced\test_error_handling_edge_cases.py::TestErrorHandlingAndEdgeCases::test_concurrent_file_modification PASSED [ 36%]
tests\enhanced\test_error_handling_edge_cases.py::TestErrorHandlingAndEdgeCases::test_circular_import_detection PASSED [ 36%]
tests\enhanced\test_error_handling_edge_cases.py::TestErrorHandlingAndEdgeCases::test_corrupted_analysis_data_recovery PASSED [ 36%]
tests\enhanced\test_error_handling_edge_cases.py::TestErrorHandlingAndEdgeCases::test_encoding_error_handling PASSED [ 36%]
tests\enhanced\test_error_handling_edge_cases.py::TestErrorHandlingAndEdgeCases::test_extremely_large_file_handling PASSED [ 36%]
tests\enhanced\test_error_handling_edge_cases.py::TestEdgeCaseScenarios::test_unicode_filename_handling PASSED [ 36%]
tests\enhanced\test_error_handling_edge_cases.py::TestEdgeCaseScenarios::test_empty_project_handling PASSED [ 37%]
tests\enhanced\test_error_handling_edge_cases.py::TestEdgeCaseScenarios::test_single_line_file_handling PASSED [ 37%]
tests\enhanced\test_error_handling_edge_cases.py::TestEdgeCaseScenarios::test_deeply_nested_directory_structure PASSED [ 37%]
tests\performance\test_benchmarks.py::TestPerformanceBenchmarks::test_large_file_performance FAILED [ 37%]
tests\performance\test_benchmarks.py::TestPerformanceBenchmarks::test_memory_usage_stability FAILED [ 37%]
tests\performance\test_benchmarks.py::TestPerformanceBenchmarks::test_small_codebase_performance FAILED [ 37%]
tests\performance\test_benchmarks.py::TestPerformanceBenchmarks::test_complexity_analysis_performance FAILED [ 37%]
tests\performance\test_benchmarks.py::TestPerformanceBenchmarks::test_incremental_analysis_performance PASSED [ 37%]
tests\performance\test_benchmarks.py::TestPerformanceBenchmarks::test_medium_codebase_performance FAILED [ 37%]
tests\performance\test_benchmarks.py::TestScalabilityBenchmarks::test_concurrent_analysis_performance PASSED [ 38%]
tests\performance\test_benchmarks.py::TestScalabilityBenchmarks::test_linear_scaling_hypothesis PASSED [ 38%]
tests\test_detector_pool.py::TestDetectorPool::test_cleanup_idle_detectors PASSED [ 38%]
tests\test_detector_pool.py::TestDetectorPool::test_pool_bounded_size PASSED [ 38%]
tests\test_detector_pool.py::TestDetectorPool::test_detector_release PASSED [ 38%]
tests\test_detector_pool.py::TestDetectorPool::test_detector_reuse PASSED [ 38%]
tests\test_detector_pool.py::TestDetectorPool::test_warmup_functionality PASSED [ 38%]
tests\test_detector_pool.py::TestDetectorPool::test_singleton_pattern PASSED [ 38%]
tests\test_detector_pool.py::TestDetectorPool::test_thread_safety 