============================= test session starts =============================
platform win32 -- Python 3.12.5, pytest-9.0.1, pluggy-1.5.0 -- C:\Python312\python.exe
cachedir: .pytest_cache
hypothesis profile 'default'
benchmark: 4.0.0 (defaults: timer=time.perf_counter disable_gc=False min_rounds=5 min_time=0.000005 max_time=1.0 calibration_precision=10 warmup=False warmup_iterations=100000)
metadata: {'Python': '3.12.5', 'Platform': 'Windows-10-10.0.19045-SP0', 'Packages': {'pytest': '9.0.1', 'pluggy': '1.5.0'}, 'Plugins': {'anyio': '4.11.0', 'Faker': '18.13.0', 'hypothesis': '6.138.2', 'langsmith': '0.4.21', 'asyncio': '1.3.0', 'bandit': '0.6.1', 'benchmark': '4.0.0', 'cov': '4.1.0', 'env': '1.1.5', 'flask': '1.3.0', 'json-report': '1.5.0', 'metadata': '3.1.1', 'mock': '3.14.0', 'randomly': '3.16.0', 'timeout': '2.3.1', 'xdist': '3.6.1'}, 'JAVA_HOME': 'C:\\Program Files\\AdoptOpenJDK\\jre-8.0.265.01-hotspot\\'}
Using --randomly-seed=142636369
rootdir: C:\Users\17175\Desktop\connascence\tests
configfile: pytest.ini
plugins: anyio-4.11.0, Faker-18.13.0, hypothesis-6.138.2, langsmith-0.4.21, asyncio-1.3.0, bandit-0.6.1, benchmark-4.0.0, cov-4.1.0, env-1.1.5, flask-1.3.0, json-report-1.5.0, metadata-3.1.1, mock-3.14.0, randomly-3.16.0, timeout-2.3.1, xdist-3.6.1
asyncio: mode=Mode.STRICT, debug=False, asyncio_default_fixture_loop_scope=None, asyncio_default_test_loop_scope=function
collecting ... collected 100 items

tests\integration\test_workflow_integration.py::TestCompleteWorkflowIntegration::test_analysis_to_autofix_workflow FAILED [  1%]
tests\integration\test_workflow_integration.py::TestCompleteWorkflowIntegration::test_mcp_integration_workflow FAILED [  2%]
tests\integration\test_workflow_integration.py::TestCompleteWorkflowIntegration::test_cli_to_analysis_workflow PASSED [  3%]
tests\integration\test_workflow_integration.py::TestCompleteWorkflowIntegration::test_complete_end_to_end_workflow FAILED [  4%]
tests\integration\test_workflow_integration.py::TestCompleteWorkflowIntegration::test_workflow_memory_coordination FAILED [  5%]
tests\integration\test_workflow_integration.py::TestWorkflowPerformanceAndScalability::test_concurrent_workflow_execution PASSED [  6%]
tests\integration\test_workflow_integration.py::TestWorkflowPerformanceAndScalability::test_workflow_scalability_limits PASSED [  7%]
tests\integration\test_complete_system.py::TestAsyncIntegration::test_vs_code_extension_async PASSED [  8%]
tests\integration\test_complete_system.py::TestAsyncIntegration::test_mcp_async_calls PASSED [  9%]
tests\integration\test_complete_system.py::TestCompleteSystemIntegration::test_demo_scenarios_integration PASSED [ 10%]
tests\integration\test_complete_system.py::TestCompleteSystemIntegration::test_error_handling_and_recovery PASSED [ 11%]
tests\integration\test_complete_system.py::TestCompleteSystemIntegration::test_vs_code_extension_integration PASSED [ 12%]
tests\integration\test_complete_system.py::TestCompleteSystemIntegration::test_security_integration PASSED [ 13%]
tests\integration\test_complete_system.py::TestCompleteSystemIntegration::test_grammar_layer_integration PASSED [ 14%]
tests\integration\test_complete_system.py::TestCompleteSystemIntegration::test_end_to_end_workflow PASSED [ 15%]
tests\integration\test_complete_system.py::TestCompleteSystemIntegration::test_performance_requirements PASSED [ 16%]
tests\integration\test_complete_system.py::TestCompleteSystemIntegration::test_sales_artifact_generation PASSED [ 17%]
tests\integration\test_complete_system.py::TestCompleteSystemIntegration::test_cli_basic_functionality PASSED [ 18%]
tests\integration\test_complete_system.py::TestCompleteSystemIntegration::test_mcp_server_integration PASSED [ 19%]
tests\integration\test_complete_system.py::TestCompleteSystemIntegration::test_nasa_safety_profile PASSED [ 20%]
tests\integration\test_cross_component_validation.py::TestCrossComponentValidation::test_cli_to_vscode_integration PASSED [ 21%]
tests\integration\test_cross_component_validation.py::TestCrossComponentValidation::test_complete_system_integration PASSED [ 22%]
tests\integration\test_cross_component_validation.py::TestCrossComponentValidation::test_integration_coverage_calculation PASSED [ 23%]
tests\integration\test_cross_component_validation.py::TestCrossComponentValidation::test_mcp_to_autofix_integration PASSED [ 24%]
tests\integration\test_cross_component_validation.py::TestCrossComponentValidation::test_security_integration_chain PASSED [ 25%]
tests\integration\test_cross_component_validation.py::TestCrossComponentValidation::test_error_propagation_across_components PASSED [ 26%]
tests\integration\test_cross_component_validation.py::TestCrossComponentValidation::test_analyzer_to_mcp_integration PASSED [ 27%]
tests\integration\test_cross_component_validation.py::TestCrossComponentValidation::test_grammar_layer_cross_component PASSED [ 28%]
tests\integration\test_real_world_scenarios.py::TestRealWorldScenarios::test_express_package_analysis PASSED [ 29%]
tests\integration\test_real_world_scenarios.py::TestRealWorldScenarios::test_python_project_analysis FAILED [ 30%]
tests\integration\test_real_world_scenarios.py::TestRealWorldScenarios::test_error_handling_invalid_files PASSED [ 31%]
tests\integration\test_real_world_scenarios.py::TestRealWorldScenarios::test_mece_analysis_real_code PASSED [ 32%]
tests\integration\test_real_world_scenarios.py::TestRealWorldScenarios::test_multi_language_project PASSED [ 33%]
tests\integration\test_real_world_scenarios.py::TestRealWorldScenarios::test_curl_package_analysis PASSED [ 34%]
tests\integration\test_real_world_scenarios.py::TestRealWorldScenarios::test_large_codebase_performance 