{
  "suite": "integration_tests",
  "description": "Integration tests for system components",
  "execution_time": "3.34s",
  "exit_code": 1,
  "success": false,
  "stdout": "============================= test session starts =============================\nplatform win32 -- Python 3.12.5, pytest-8.4.1, pluggy-1.5.0 -- C:\\Python312\\python.exe\ncachedir: .pytest_cache\nhypothesis profile 'default'\nUsing --randomly-seed=2669525818\nrootdir: C:\\Users\\17175\\Desktop\\connascence\\tests\nconfigfile: pytest.ini\nplugins: anyio-4.4.0, Faker-18.13.0, hypothesis-6.138.2, langsmith-0.4.21, asyncio-1.1.0, bandit-0.6.1, cov-6.0.0, env-1.1.5, flask-1.3.0, mock-3.14.0, randomly-3.16.0, timeout-2.3.1, xdist-3.6.1\nasyncio: mode=Mode.STRICT, asyncio_default_fixture_loop_scope=None, asyncio_default_test_loop_scope=function\ncollecting ... collected 13 items\n\ntest_complete_system.py::TestCompleteSystemIntegration::test_grammar_layer_integration PASSED [  7%]\ntest_complete_system.py::TestCompleteSystemIntegration::test_performance_requirements PASSED [ 15%]\ntest_complete_system.py::TestCompleteSystemIntegration::test_security_integration PASSED [ 23%]\ntest_complete_system.py::TestCompleteSystemIntegration::test_nasa_safety_profile FAILED [ 30%]\ntest_complete_system.py::TestCompleteSystemIntegration::test_mcp_server_integration PASSED [ 38%]\ntest_complete_system.py::TestCompleteSystemIntegration::test_vs_code_extension_integration PASSED [ 46%]\ntest_complete_system.py::TestCompleteSystemIntegration::test_error_handling_and_recovery PASSED [ 53%]\ntest_complete_system.py::TestCompleteSystemIntegration::test_end_to_end_workflow PASSED [ 61%]\ntest_complete_system.py::TestCompleteSystemIntegration::test_demo_scenarios_integration PASSED [ 69%]\ntest_complete_system.py::TestCompleteSystemIntegration::test_sales_artifact_generation PASSED [ 76%]\ntest_complete_system.py::TestCompleteSystemIntegration::test_cli_basic_functionality PASSED [ 84%]\ntest_complete_system.py::TestAsyncIntegration::test_mcp_async_calls PASSED [ 92%]\ntest_complete_system.py::TestAsyncIntegration::test_vs_code_extension_async PASSED [100%]\n\nRun started:2025-09-03 04:23:16.487419\n\nTest results:\n\tNo issues identified.\n\nCode scanned:\n\tTotal lines of code: 0\n\tTotal lines skipped (#nosec): 0\n\nRun metrics:\n\tTotal issues (by severity):\n\t\tUndefined: 0\n\t\tLow: 0\n\t\tMedium: 0\n\t\tHigh: 0\n\tTotal issues (by confidence):\n\t\tUndefined: 0\n\t\tLow: 0\n\t\tMedium: 0\n\t\tHigh: 0\nFiles skipped (0):\n\n\n================================== FAILURES ===================================\n___________ TestCompleteSystemIntegration.test_nasa_safety_profile ____________\ntest_complete_system.py:270: in test_nasa_safety_profile\n    from connascence.policy.presets.nasa_jpl_pot10 import NASA_JPL_POT10_PROFILE\n..\\..\\policy\\__init__.py:21: in <module>\n    from .waivers import WaiverSystem, Waiver, WaiverStatus\nE   ImportError: cannot import name 'WaiverSystem' from 'connascence.policy.waivers' (unknown location)\n=========================== short test summary info ===========================\nFAILED test_complete_system.py::TestCompleteSystemIntegration::test_nasa_safety_profile\n======================== 1 failed, 12 passed in 1.10s =========================\n",
  "stderr": "datetime.datetime.utcnow() is deprecated and scheduled for removal in a future version. Use timezone-aware objects to represent datetimes in UTC: datetime.datetime.now(datetime.UTC).\n",
  "timestamp": "2025-09-03 00:23:16",
  "critical": true
}